# JRE version: OpenJDK Runtime Environment (8.0_112-b06) (build 1.8.0_112-release-b06)
# Java VM: OpenJDK 64-Bit Server VM (25.112-b06 mixed mode windows-amd64 compressed oops)
Heap:
 PSYoungGen      total 323584K, used 110016K [0x00000000e0000000, 0x00000000f7f80000, 0x0000000100000000)
  eden space 292864K, 27% used [0x00000000e0000000,0x00000000e4d74d00,0x00000000f1e00000)
  from space 30720K, 99% used [0x00000000f1e00000,0x00000000f3bfb520,0x00000000f3c00000)
  to   space 20992K, 0% used [0x00000000f3c00000,0x00000000f3c00000,0x00000000f5080000)
 ParOldGen       total 141824K, used 84366K [0x00000000a0000000, 0x00000000a8a80000, 0x00000000e0000000)
  object space 141824K, 59% used [0x00000000a0000000,0x00000000a5263880,0x00000000a8a80000)
 Metaspace       used 63670K, capacity 65762K, committed 66072K, reserved 1105920K
  class space    used 8198K, capacity 8646K, committed 8744K, reserved 1048576K
GC Heap History (10 events):
Event: 50.990 GC heap before
{Heap before GC invocations=17 (full 3):
 PSYoungGen      total 267264K, used 253435K [0x00000000e0000000, 0x00000000f5080000, 0x0000000100000000)
  eden space 246272K, 100% used [0x00000000e0000000,0x00000000ef080000,0x00000000ef080000)
  from space 20992K, 34% used [0x00000000ef080000,0x00000000ef77ef20,0x00000000f0500000)
  to   space 20992K, 0% used [0x00000000f3c00000,0x00000000f3c00000,0x00000000f5080000)
 ParOldGen       total 141824K, used 39831K [0x00000000a0000000, 0x00000000a8a80000, 0x00000000e0000000)
  object space 141824K, 28% used [0x00000000a0000000,0x00000000a26e5ef8,0x00000000a8a80000)
 Metaspace       used 63274K, capacity 65404K, committed 65560K, reserved 1105920K
  class space    used 8195K, capacity 8651K, committed 8744K, reserved 1048576K
Event: 51.219 GC heap after
Heap after GC invocations=17 (full 3):
 PSYoungGen      total 313856K, used 20977K [0x00000000e0000000, 0x00000000f7f80000, 0x0000000100000000)
  eden space 292864K, 0% used [0x00000000e0000000,0x00000000e0000000,0x00000000f1e00000)
  from space 20992K, 99% used [0x00000000f3c00000,0x00000000f507c748,0x00000000f5080000)
  to   space 30720K, 0% used [0x00000000f1e00000,0x00000000f1e00000,0x00000000f3c00000)
 ParOldGen       total 141824K, used 59073K [0x00000000a0000000, 0x00000000a8a80000, 0x00000000e0000000)
  object space 141824K, 41% used [0x00000000a0000000,0x00000000a39b0750,0x00000000a8a80000)
 Metaspace       used 63274K, capacity 65404K, committed 65560K, reserved 1105920K
  class space    used 8195K, capacity 8651K, committed 8744K, reserved 1048576K
}
Event: 54.518 GC heap before
{Heap before GC invocations=18 (full 3):
 PSYoungGen      total 313856K, used 313841K [0x00000000e0000000, 0x00000000f7f80000, 0x0000000100000000)
  eden space 292864K, 100% used [0x00000000e0000000,0x00000000f1e00000,0x00000000f1e00000)
  from space 20992K, 99% used [0x00000000f3c00000,0x00000000f507c748,0x00000000f5080000)
  to   space 30720K, 0% used [0x00000000f1e00000,0x00000000f1e00000,0x00000000f3c00000)
 ParOldGen       total 141824K, used 59073K [0x00000000a0000000, 0x00000000a8a80000, 0x00000000e0000000)
  object space 141824K, 41% used [0x00000000a0000000,0x00000000a39b0750,0x00000000a8a80000)
 Metaspace       used 63538K, capacity 65660K, committed 65816K, reserved 1105920K
  class space    used 8198K, capacity 8651K, committed 8744K, reserved 1048576K
Event: 54.665 GC heap after
Heap after GC invocations=18 (full 3):
 PSYoungGen      total 323584K, used 30688K [0x00000000e0000000, 0x00000000f7f80000, 0x0000000100000000)
  eden space 292864K, 0% used [0x00000000e0000000,0x00000000e0000000,0x00000000f1e00000)
  from space 30720K, 99% used [0x00000000f1e00000,0x00000000f3bf8018,0x00000000f3c00000)
  to   space 20992K, 0% used [0x00000000f3c00000,0x00000000f3c00000,0x00000000f5080000)
 ParOldGen       total 141824K, used 79696K [0x00000000a0000000, 0x00000000a8a80000, 0x00000000e0000000)
  object space 141824K, 56% used [0x00000000a0000000,0x00000000a4dd4020,0x00000000a8a80000)
 Metaspace       used 63538K, capacity 65660K, committed 65816K, reserved 1105920K
  class space    used 8198K, capacity 8651K, committed 8744K, reserved 1048576K
}
Event: 58.366 GC heap before
{Heap before GC invocations=19 (full 3):
 PSYoungGen      total 323584K, used 323552K [0x00000000e0000000, 0x00000000f7f80000, 0x0000000100000000)
  eden space 292864K, 100% used [0x00000000e0000000,0x00000000f1e00000,0x00000000f1e00000)
  from space 30720K, 99% used [0x00000000f1e00000,0x00000000f3bf8018,0x00000000f3c00000)
  to   space 20992K, 0% used [0x00000000f3c00000,0x00000000f3c00000,0x00000000f5080000)
 ParOldGen       total 141824K, used 79696K [0x00000000a0000000, 0x00000000a8a80000, 0x00000000e0000000)
  object space 141824K, 56% used [0x00000000a0000000,0x00000000a4dd4020,0x00000000a8a80000)
 Metaspace       used 63638K, capacity 65724K, committed 66072K, reserved 1105920K
  class space    used 8201K, capacity 8651K, committed 8744K, reserved 1048576K
Event: 58.601 GC heap after
Heap after GC invocations=19 (full 3):
 PSYoungGen      total 313856K, used 20969K [0x00000000e0000000, 0x00000000f7f80000, 0x0000000100000000)
  eden space 292864K, 0% used [0x00000000e0000000,0x00000000e0000000,0x00000000f1e00000)
  from space 20992K, 99% used [0x00000000f3c00000,0x00000000f507a6e8,0x00000000f5080000)
  to   space 30720K, 0% used [0x00000000f1e00000,0x00000000f1e00000,0x00000000f3c00000)
 ParOldGen       total 141824K, used 116723K [0x00000000a0000000, 0x00000000a8a80000, 0x00000000e0000000)
  object space 141824K, 82% used [0x00000000a0000000,0x00000000a71fce58,0x00000000a8a80000)
 Metaspace       used 63638K, capacity 65724K, committed 66072K, reserved 1105920K
  class space    used 8201K, capacity 8651K, committed 8744K, reserved 1048576K
}
Event: 58.601 GC heap before
{Heap before GC invocations=20 (full 4):
 PSYoungGen      total 313856K, used 20969K [0x00000000e0000000, 0x00000000f7f80000, 0x0000000100000000)
  eden space 292864K, 0% used [0x00000000e0000000,0x00000000e0000000,0x00000000f1e00000)
  from space 20992K, 99% used [0x00000000f3c00000,0x00000000f507a6e8,0x00000000f5080000)
  to   space 30720K, 0% used [0x00000000f1e00000,0x00000000f1e00000,0x00000000f3c00000)
 ParOldGen       total 141824K, used 116723K [0x00000000a0000000, 0x00000000a8a80000, 0x00000000e0000000)
  object space 141824K, 82% used [0x00000000a0000000,0x00000000a71fce58,0x00000000a8a80000)
 Metaspace       used 63638K, capacity 65724K, committed 66072K, reserved 1105920K
  class space    used 8201K, capacity 8651K, committed 8744K, reserved 1048576K
Event: 59.737 GC heap after
Heap after GC invocations=20 (full 4):
 PSYoungGen      total 313856K, used 0K [0x00000000e0000000, 0x00000000f7f80000, 0x0000000100000000)
  eden space 292864K, 0% used [0x00000000e0000000,0x00000000e0000000,0x00000000f1e00000)
  from space 20992K, 0% used [0x00000000f3c00000,0x00000000f3c00000,0x00000000f5080000)
  to   space 30720K, 0% used [0x00000000f1e00000,0x00000000f1e00000,0x00000000f3c00000)
 ParOldGen       total 141824K, used 76387K [0x00000000a0000000, 0x00000000a8a80000, 0x00000000e0000000)
  object space 141824K, 53% used [0x00000000a0000000,0x00000000a4a98c18,0x00000000a8a80000)
 Metaspace       used 63629K, capacity 65698K, committed 66072K, reserved 1105920K
  class space    used 8198K, capacity 8646K, committed 8744K, reserved 1048576K
}
Event: 61.519 GC heap before
{Heap before GC invocations=21 (full 4):
 PSYoungGen      total 313856K, used 292864K [0x00000000e0000000, 0x00000000f7f80000, 0x0000000100000000)
  eden space 292864K, 100% used [0x00000000e0000000,0x00000000f1e00000,0x00000000f1e00000)
  from space 20992K, 0% used [0x00000000f3c00000,0x00000000f3c00000,0x00000000f5080000)
  to   space 30720K, 0% used [0x00000000f1e00000,0x00000000f1e00000,0x00000000f3c00000)
 ParOldGen       total 141824K, used 76387K [0x00000000a0000000, 0x00000000a8a80000, 0x00000000e0000000)
  object space 141824K, 53% used [0x00000000a0000000,0x00000000a4a98c18,0x00000000a8a80000)
 Metaspace       used 63667K, capacity 65762K, committed 66072K, reserved 1105920K
  class space    used 8198K, capacity 8646K, committed 8744K, reserved 1048576K
Event: 61.775 GC heap after
Heap after GC invocations=21 (full 4):
 PSYoungGen      total 323584K, used 30701K [0x00000000e0000000, 0x00000000f7f80000, 0x0000000100000000)
  eden space 292864K, 0% used [0x00000000e0000000,0x00000000e0000000,0x00000000f1e00000)
  from space 30720K, 99% used [0x00000000f1e00000,0x00000000f3bfb520,0x00000000f3c00000)
  to   space 20992K, 0% used [0x00000000f3c00000,0x00000000f3c00000,0x00000000f5080000)
 ParOldGen       total 141824K, used 84366K [0x00000000a0000000, 0x00000000a8a80000, 0x00000000e0000000)
  object space 141824K, 59% used [0x00000000a0000000,0x00000000a5263880,0x00000000a8a80000)
 Metaspace       used 63667K, capacity 65762K, committed 66072K, reserved 1105920K
  class space    used 8198K, capacity 8646K, committed 8744K, reserved 1048576K
}

